	  23  186( 9.3%)     17  191( 9.6%)    (10.8%)   <<
	  23  1190(11.9%)     17  1274(12.7%)    (10.8%)   <<
	  23  201(10.1%)     17  202(10.1%)    (11.5%)   <<
	  23  1222(12.2%)     17  1241(12.4%)    (11.5%)   <<
	  21  202(10.1%)     21  202(10.1%)    (11.6%)   <<
	  21  1181(11.8%)     21  1181(11.8%)    (11.6%)   <<
	  29  203(10.2%)     17  207(10.3%)    (11.8%)   <<
	  29  1211(12.1%)     17  1189(11.9%)    (11.8%)   <<
	  19  187( 9.3%)     17  187( 9.3%)    (10.8%)   <<
	  19  1081(10.8%)     17  1081(10.8%)    (10.8%)   <<
	  13  173( 8.7%)     13  173( 8.7%)    ( 9.9%)   <<
	  13  1076(10.8%)     13  1076(10.8%)    ( 9.9%)   <<
	  23  177( 8.8%)     23  177( 8.8%)    (10.5%)   <<
	  23  1084(10.8%)     23  1084(10.8%)    (10.5%)   <<
	  17  166( 8.3%)     17  166( 8.3%)    ( 9.7%)   <<
	  17  1057(10.6%)     17  1057(10.6%)    ( 9.7%)   <<
	  11  178( 8.9%)     11  178( 8.9%)    (10.1%)   <<
	  11  1087(10.9%)     11  1087(10.9%)    (10.1%)   <<
	  13  192( 9.6%)     13  192( 9.6%)    (10.9%)   <<
	  13  1120(11.2%)     13  1120(11.2%)    (10.9%)   <<
	  15  200(10.0%)     15  200(10.0%)    (11.3%)   <<
	  15  1123(11.2%)     15  1123(11.2%)    (11.3%)   <<
	  33  175( 8.8%)     25  177( 8.8%)    (10.5%)   <<
	  33  1135(11.3%)     25  1124(11.2%)    (10.5%)   <<
	  17  200(10.0%)     15  200(10.0%)    (11.4%)   <<
	  17  1072(10.7%)     15  1072(10.7%)    (11.4%)   <<
	  13  182( 9.1%)     13  182( 9.1%)    (10.4%)   <<
	  13  1119(11.2%)     13  1119(11.2%)    (10.4%)   <<
	  17  196( 9.8%)     15  196( 9.8%)    (11.1%)   <<
	  17  1152(11.5%)     15  1161(11.6%)    (11.1%)   <<
	  13  194( 9.7%)     13  194( 9.7%)    (11.0%)   <<
	  13  1086(10.9%)     13  1086(10.9%)    (11.0%)   <<
	  13  181( 9.1%)     13  181( 9.1%)    (10.3%)   <<
	  13  1046(10.5%)     13  1046(10.5%)    (10.3%)   <<
	  25  177( 8.8%)     21  179( 8.9%)    (10.6%)   <<
	  25  1122(11.2%)     21  1117(11.2%)    (10.6%)   <<
	  11  197( 9.8%)     11  197( 9.8%)    (11.0%)   <<
	  11  1126(11.3%)     11  1126(11.3%)    (11.0%)   <<
	  13  201(10.1%)     13  201(10.1%)    (11.4%)   <<
	  13  1093(10.9%)     13  1093(10.9%)    (11.4%)   <<
