	   3   85( 8.5%)      3   85( 8.5%)    ( 9.5%)   <<
	   3  1021(10.2%)      3  1021(10.2%)    ( 9.5%)   <<
	   3   87( 8.7%)      3   87( 8.7%)    ( 9.7%)   <<
	   3  1048(10.5%)      3  1048(10.5%)    ( 9.7%)   <<
	   3  106(10.6%)      3  106(10.6%)    (11.7%)   <<
	   3  1023(10.2%)      3  1023(10.2%)    (11.7%)   <<
	   3   91( 9.1%)      3   91( 9.1%)    (10.1%)   <<
	   3  1052(10.5%)      3  1052(10.5%)    (10.1%)   <<
	   3   82( 8.2%)      3   82( 8.2%)    ( 9.2%)   <<
	   3  1072(10.7%)      3  1072(10.7%)    ( 9.2%)   <<
	   3   89( 8.9%)      3   89( 8.9%)    ( 9.9%)   <<
	   3  1022(10.2%)      3  1022(10.2%)    ( 9.9%)   <<
	   3   99( 9.9%)      3   99( 9.9%)    (11.0%)   <<
	   3  1029(10.3%)      3  1029(10.3%)    (11.0%)   <<
	   3  112(11.2%)      3  112(11.2%)    (12.3%)   <<
	   3  1071(10.7%)      3  1071(10.7%)    (12.3%)   <<
	   7  112(11.2%)      3  115(11.5%)    (12.6%)   <<
	   7  1031(10.3%)      3  1086(10.9%)    (12.6%)   <<
	   3   96( 9.6%)      3   96( 9.6%)    (10.7%)   <<
	   3  1034(10.3%)      3  1034(10.3%)    (10.7%)   <<
	   3   90( 9.0%)      3   90( 9.0%)    (10.0%)   <<
	   3  1029(10.3%)      3  1029(10.3%)    (10.0%)   <<
	   3  103(10.3%)      3  103(10.3%)    (11.4%)   <<
	   3  1026(10.3%)      3  1026(10.3%)    (11.4%)   <<
	   3   88( 8.8%)      3   88( 8.8%)    ( 9.8%)   <<
	   3  1027(10.3%)      3  1027(10.3%)    ( 9.8%)   <<
	   3   85( 8.5%)      3   85( 8.5%)    ( 9.5%)   <<
	   3  1026(10.3%)      3  1026(10.3%)    ( 9.5%)   <<
	   3   90( 9.0%)      3   90( 9.0%)    (10.0%)   <<
	   3  1033(10.3%)      3  1033(10.3%)    (10.0%)   <<
	   3  102(10.2%)      3  102(10.2%)    (11.2%)   <<
	   3  1125(11.2%)      3  1125(11.2%)    (11.2%)   <<
	   9   91( 9.1%)      9   91( 9.1%)    (10.6%)   <<
	   9  1059(10.6%)      9  1059(10.6%)    (10.6%)   <<
	   3  102(10.2%)      3  102(10.2%)    (11.3%)   <<
	   3  1032(10.3%)      3  1032(10.3%)    (11.3%)   <<
	   3   90( 9.0%)      3   90( 9.0%)    (10.0%)   <<
	   3  1033(10.3%)      3  1033(10.3%)    (10.0%)   <<
	   3   88( 8.8%)      3   88( 8.8%)    ( 9.8%)   <<
	   3  1023(10.2%)      3  1023(10.2%)    ( 9.8%)   <<
