	   3  193( 9.7%)      3  193( 9.7%)    (10.4%)   <<
	   3  1019(10.2%)      3  1019(10.2%)    (10.4%)   <<
	   3  186( 9.3%)      3  186( 9.3%)    (10.0%)   <<
	   3  1026(10.3%)      3  1026(10.3%)    (10.0%)   <<
	   3  202(10.1%)      3  202(10.1%)    (10.8%)   <<
	   3  1046(10.5%)      3  1046(10.5%)    (10.8%)   <<
	   3  204(10.2%)      3  204(10.2%)    (10.9%)   <<
	   3  1026(10.3%)      3  1026(10.3%)    (10.9%)   <<
	   3  195( 9.8%)      3  195( 9.8%)    (10.5%)   <<
	   3  1025(10.2%)      3  1025(10.2%)    (10.5%)   <<
	   3  193( 9.7%)      3  193( 9.7%)    (10.4%)   <<
	   3  1019(10.2%)      3  1019(10.2%)    (10.4%)   <<
	   3  193( 9.7%)      3  193( 9.7%)    (10.4%)   <<
	   3  1035(10.3%)      3  1035(10.3%)    (10.4%)   <<
	   3  183( 9.2%)      3  183( 9.2%)    ( 9.9%)   <<
	   3  1026(10.3%)      3  1026(10.3%)    ( 9.9%)   <<
	   9  182( 9.1%)      9  182( 9.1%)    (10.1%)   <<
	   9  1026(10.3%)      9  1026(10.3%)    (10.1%)   <<
	   3  179( 8.9%)      3  179( 8.9%)    ( 9.6%)   <<
	   3  1028(10.3%)      3  1028(10.3%)    ( 9.6%)   <<
	  17  219(10.9%)      3  226(11.3%)    (12.0%)   <<
	  17  1151(11.5%)      3  1062(10.6%)    (12.0%)   <<
	   3  208(10.4%)      3  208(10.4%)    (11.1%)   <<
	   3  1036(10.4%)      3  1036(10.4%)    (11.1%)   <<
	   9  183( 9.2%)      9  183( 9.2%)    (10.2%)   <<
	   9  1144(11.4%)      9  1144(11.4%)    (10.2%)   <<
	  11  206(10.3%)      3  211(10.6%)    (11.3%)   <<
	  11  1037(10.4%)      3  1030(10.3%)    (11.3%)   <<
	   3  209(10.4%)      3  209(10.4%)    (11.2%)   <<
	   3  1032(10.3%)      3  1032(10.3%)    (11.2%)   <<
	   3  215(10.8%)      3  215(10.8%)    (11.5%)   <<
	   3  1050(10.5%)      3  1050(10.5%)    (11.5%)   <<
	   3  190( 9.5%)      3  190( 9.5%)    (10.2%)   <<
	   3  1029(10.3%)      3  1029(10.3%)    (10.2%)   <<
	   3  192( 9.6%)      3  192( 9.6%)    (10.3%)   <<
	   3  1021(10.2%)      3  1021(10.2%)    (10.3%)   <<
	   3  182( 9.1%)      3  182( 9.1%)    ( 9.8%)   <<
	   3  1031(10.3%)      3  1031(10.3%)    ( 9.8%)   <<
	   3  210(10.5%)      3  210(10.5%)    (11.2%)   <<
	   3  1025(10.2%)      3  1025(10.2%)    (11.2%)   <<
