	   3  389( 9.7%)      3  389( 9.7%)    (10.2%)   <<
	   3  1045(10.4%)      3  1045(10.4%)    (10.2%)   <<
	   3  401(10.0%)      3  401(10.0%)    (10.5%)   <<
	   3  1052(10.5%)      3  1052(10.5%)    (10.5%)   <<
	   3  369( 9.2%)      3  369( 9.2%)    ( 9.7%)   <<
	   3  1059(10.6%)      3  1059(10.6%)    ( 9.7%)   <<
	   3  411(10.3%)      3  411(10.3%)    (10.8%)   <<
	   3  1071(10.7%)      3  1071(10.7%)    (10.8%)   <<
	   3  382( 9.6%)      3  382( 9.6%)    (10.0%)   <<
	   3  1044(10.4%)      3  1044(10.4%)    (10.0%)   <<
	   3  374( 9.3%)      3  374( 9.3%)    ( 9.8%)   <<
	   3  1042(10.4%)      3  1042(10.4%)    ( 9.8%)   <<
	   3  409(10.2%)      3  409(10.2%)    (10.7%)   <<
	   3  1049(10.5%)      3  1049(10.5%)    (10.7%)   <<
	   3  381( 9.5%)      3  381( 9.5%)    (10.0%)   <<
	   3  1029(10.3%)      3  1029(10.3%)    (10.0%)   <<
	   3  408(10.2%)      3  408(10.2%)    (10.7%)   <<
	   3  1037(10.4%)      3  1037(10.4%)    (10.7%)   <<
	   3  384( 9.6%)      3  384( 9.6%)    (10.1%)   <<
	   3  1023(10.2%)      3  1023(10.2%)    (10.1%)   <<
	   3  420(10.5%)      3  420(10.5%)    (11.0%)   <<
	   3  1092(10.9%)      3  1092(10.9%)    (11.0%)   <<
	   3  391( 9.8%)      3  391( 9.8%)    (10.3%)   <<
	   3  1021(10.2%)      3  1021(10.2%)    (10.3%)   <<
	   3  372( 9.3%)      3  372( 9.3%)    ( 9.8%)   <<
	   3  1023(10.2%)      3  1023(10.2%)    ( 9.8%)   <<
	   3  356( 8.9%)      3  356( 8.9%)    ( 9.4%)   <<
	   3  1019(10.2%)      3  1019(10.2%)    ( 9.4%)   <<
	   3  359( 9.0%)      3  359( 9.0%)    ( 9.5%)   <<
	   3  1029(10.3%)      3  1029(10.3%)    ( 9.5%)   <<
	   3  393( 9.8%)      3  393( 9.8%)    (10.3%)   <<
	   3  1030(10.3%)      3  1030(10.3%)    (10.3%)   <<
	   3  389( 9.7%)      3  389( 9.7%)    (10.2%)   <<
	   3  1026(10.3%)      3  1026(10.3%)    (10.2%)   <<
	   3  402(10.1%)      3  402(10.1%)    (10.5%)   <<
	   3  1039(10.4%)      3  1039(10.4%)    (10.5%)   <<
	   3  388( 9.7%)      3  388( 9.7%)    (10.2%)   <<
	   3  1033(10.3%)      3  1033(10.3%)    (10.2%)   <<
	   3  401(10.0%)      3  401(10.0%)    (10.5%)   <<
	   3  1067(10.7%)      3  1067(10.7%)    (10.5%)   <<
