	  13   21( 8.4%)     13   21( 8.4%)    (13.1%)   <<
	  13  1420(14.2%)     13  1420(14.2%)    (13.1%)   <<
	  13   23( 9.2%)     13   23( 9.2%)    (13.8%)   <<
	  13  1467(14.7%)     13  1467(14.7%)    (13.8%)   <<
	  21   15( 6.0%)     15   16( 6.4%)    (11.5%)   <<
	  21  1238(12.4%)     15  1281(12.8%)    (11.5%)   <<
	  17   19( 7.6%)     17   19( 7.6%)    (13.3%)   <<
	  17  1160(11.6%)     17  1160(11.6%)    (13.3%)   <<
	  19   12( 4.8%)     19   12( 4.8%)    (10.5%)   <<
	  19  1203(12.0%)     19  1203(12.0%)    (10.5%)   <<
	  13   25(10.0%)     13   25(10.0%)    (15.0%)   <<
	  13  1403(14.0%)     13  1403(14.0%)    (15.0%)   <<
	  15   16( 6.4%)     15   16( 6.4%)    (11.3%)   <<
	  15  1063(10.6%)     15  1063(10.6%)    (11.3%)   <<
	  19   14( 5.6%)     19   14( 5.6%)    (11.3%)   <<
	  19  1268(12.7%)     19  1268(12.7%)    (11.3%)   <<
	   9   19( 7.6%)      9   19( 7.6%)    (11.2%)   <<
	   9  1266(12.7%)      9  1266(12.7%)    (11.2%)   <<
	   9   20( 8.0%)      9   20( 8.0%)    (11.8%)   <<
	   9  1224(12.2%)      9  1224(12.2%)    (11.8%)   <<
	  17   18( 7.2%)     11   19( 7.6%)    (11.8%)   <<
	  17  1215(12.2%)     11  1191(11.9%)    (11.8%)   <<
	  15   28(11.2%)     11   28(11.2%)    (15.5%)   <<
	  15  1489(14.9%)     11  1481(14.8%)    (15.5%)   <<
	  11   24( 9.6%)     11   24( 9.6%)    (14.0%)   <<
	  11  1370(13.7%)     11  1370(13.7%)    (14.0%)   <<
	  13   18( 7.2%)     13   18( 7.2%)    (12.0%)   <<
	  13  1094(10.9%)     13  1094(10.9%)    (12.0%)   <<
	  11   18( 7.2%)     11   18( 7.2%)    (11.3%)   <<
	  11  1241(12.4%)     11  1241(12.4%)    (11.3%)   <<
	   7   20( 8.0%)      7   20( 8.0%)    (11.4%)   <<
	   7  1260(12.6%)      7  1260(12.6%)    (11.4%)   <<
	   7   18( 7.2%)      7   18( 7.2%)    (10.4%)   <<
	   7  1270(12.7%)      7  1270(12.7%)    (10.4%)   <<
	  11   18( 7.2%)      5   21( 8.4%)    (11.2%)   <<
	  11  1443(14.4%)      5  1524(15.2%)    (11.2%)   <<
	  13   20( 8.0%)     13   20( 8.0%)    (12.6%)   <<
	  13  1248(12.5%)     13  1248(12.5%)    (12.6%)   <<
	  15   16( 6.4%)     15   16( 6.4%)    (11.4%)   <<
	  15  1234(12.3%)     15  1234(12.3%)    (11.4%)   <<
