	  25   86( 8.6%)     23   86( 8.6%)    (11.2%)   <<
	  25  1159(11.6%)     23  1159(11.6%)    (11.2%)   <<
	  23   83( 8.3%)     19   84( 8.4%)    (10.6%)   <<
	  23  1269(12.7%)     19  1150(11.5%)    (10.6%)   <<
	  15   91( 9.1%)     11   92( 9.2%)    (11.0%)   <<
	  15  1124(11.2%)     11  1132(11.3%)    (11.0%)   <<
	  15   81( 8.1%)     15   81( 8.1%)    (10.1%)   <<
	  15  1137(11.4%)     15  1137(11.4%)    (10.1%)   <<
	  19   88( 8.8%)     19   88( 8.8%)    (11.0%)   <<
	  19  1212(12.1%)     19  1212(12.1%)    (11.0%)   <<
	  33   90( 9.0%)     25   94( 9.4%)    (12.2%)   <<
	  33  1168(11.7%)     25  1133(11.3%)    (12.2%)   <<
	  13   83( 8.3%)     13   83( 8.3%)    (10.2%)   <<
	  13  1173(11.7%)     13  1173(11.7%)    (10.2%)   <<
	  19   93( 9.3%)     11   96( 9.6%)    (11.4%)   <<
	  19  1100(11.0%)     11  1090(10.9%)    (11.4%)   <<
	  13   75( 7.5%)     13   75( 7.5%)    ( 9.3%)   <<
	  13  1090(10.9%)     13  1090(10.9%)    ( 9.3%)   <<
	  19   79( 7.9%)     11   82( 8.2%)    (10.0%)   <<
	  19  1185(11.8%)     11  1181(11.8%)    (10.0%)   <<
	  17  119(11.9%)     15  120(12.0%)    (14.2%)   <<
	  17  1260(12.6%)     15  1200(12.0%)    (14.2%)   <<
	  23   78( 7.8%)     23   78( 7.8%)    (10.1%)   <<
	  23  1173(11.7%)     23  1173(11.7%)    (10.1%)   <<
	  13  117(11.7%)     13  117(11.7%)    (13.7%)   <<
	  13  1186(11.9%)     13  1186(11.9%)    (13.7%)   <<
	  19   86( 8.6%)     19   86( 8.6%)    (11.0%)   <<
	  19  1096(11.0%)     19  1096(11.0%)    (11.0%)   <<
	  17   91( 9.1%)     17   91( 9.1%)    (11.3%)   <<
	  17  1091(10.9%)     17  1091(10.9%)    (11.3%)   <<
	  15   85( 8.5%)     15   85( 8.5%)    (10.5%)   <<
	  15  1062(10.6%)     15  1062(10.6%)    (10.5%)   <<
	  17   81( 8.1%)     17   81( 8.1%)    (10.1%)   <<
	  17  1091(10.9%)     17  1091(10.9%)    (10.1%)   <<
	  15   99( 9.9%)     13   99( 9.9%)    (11.8%)   <<
	  15  1210(12.1%)     13  1210(12.1%)    (11.8%)   <<
	  17   95( 9.5%)     17   95( 9.5%)    (11.7%)   <<
	  17  1141(11.4%)     17  1141(11.4%)    (11.7%)   <<
	  11   97( 9.7%)     11   97( 9.7%)    (11.5%)   <<
	  11  1156(11.6%)     11  1156(11.6%)    (11.5%)   <<
