	   3   45( 9.0%)      3   45( 9.0%)    (10.5%)   <<
	   3  1032(10.3%)      3  1032(10.3%)    (10.5%)   <<
	   3   43( 8.6%)      3   43( 8.6%)    (10.1%)   <<
	   3  1090(10.9%)      3  1090(10.9%)    (10.1%)   <<
	   7   41( 8.2%)      3   42( 8.4%)    ( 9.9%)   <<
	   7  1203(12.0%)      3  1061(10.6%)    ( 9.9%)   <<
	   3   49( 9.8%)      3   49( 9.8%)    (11.3%)   <<
	   3  1101(11.0%)      3  1101(11.0%)    (11.3%)   <<
	   7   41( 8.2%)      7   41( 8.2%)    (10.1%)   <<
	   7  1205(12.1%)      7  1205(12.1%)    (10.1%)   <<
	   3   40( 8.0%)      3   40( 8.0%)    ( 9.4%)   <<
	   3  1136(11.4%)      3  1136(11.4%)    ( 9.4%)   <<
	   3   40( 8.0%)      3   40( 8.0%)    ( 9.5%)   <<
	   3  1028(10.3%)      3  1028(10.3%)    ( 9.5%)   <<
	   3   46( 9.2%)      3   46( 9.2%)    (10.8%)   <<
	   3  1019(10.2%)      3  1019(10.2%)    (10.8%)   <<
	   3   49( 9.8%)      3   49( 9.8%)    (11.4%)   <<
	   3  1051(10.5%)      3  1051(10.5%)    (11.4%)   <<
	   3   50(10.0%)      3   50(10.0%)    (11.6%)   <<
	   3  1046(10.5%)      3  1046(10.5%)    (11.6%)   <<
	   3   56(11.2%)      3   56(11.2%)    (12.8%)   <<
	   3  1093(10.9%)      3  1093(10.9%)    (12.8%)   <<
	   3   46( 9.2%)      3   46( 9.2%)    (10.7%)   <<
	   3  1032(10.3%)      3  1032(10.3%)    (10.7%)   <<
	   3   48( 9.6%)      3   48( 9.6%)    (11.2%)   <<
	   3  1084(10.8%)      3  1084(10.8%)    (11.2%)   <<
	   9   43( 8.6%)      9   43( 8.6%)    (10.7%)   <<
	   9  1194(11.9%)      9  1194(11.9%)    (10.7%)   <<
	   3   43( 8.6%)      3   43( 8.6%)    (10.1%)   <<
	   3  1047(10.5%)      3  1047(10.5%)    (10.1%)   <<
	   3   40( 8.0%)      3   40( 8.0%)    ( 9.5%)   <<
	   3  1029(10.3%)      3  1029(10.3%)    ( 9.5%)   <<
	   3   52(10.4%)      3   52(10.4%)    (12.0%)   <<
	   3  1078(10.8%)      3  1078(10.8%)    (12.0%)   <<
	   3   52(10.4%)      3   52(10.4%)    (12.0%)   <<
	   3  1030(10.3%)      3  1030(10.3%)    (12.0%)   <<
	   3   48( 9.6%)      3   48( 9.6%)    (11.2%)   <<
	   3  1093(10.9%)      3  1093(10.9%)    (11.2%)   <<
	   3   59(11.8%)      3   59(11.8%)    (13.4%)   <<
	   3  1078(10.8%)      3  1078(10.8%)    (13.4%)   <<
