	  17   51(10.2%)     15   51(10.2%)    (13.3%)   <<
	  17  1210(12.1%)     15  1210(12.1%)    (13.3%)   <<
	  13   40( 8.0%)     13   40( 8.0%)    (10.8%)   <<
	  13  1242(12.4%)     13  1242(12.4%)    (10.8%)   <<
	   9   38( 7.6%)      9   38( 7.6%)    (10.0%)   <<
	   9  1181(11.8%)      9  1181(11.8%)    (10.0%)   <<
	  11   55(11.0%)     11   55(11.0%)    (13.8%)   <<
	  11  1219(12.2%)     11  1219(12.2%)    (13.8%)   <<
	  11   44( 8.8%)     11   44( 8.8%)    (11.5%)   <<
	  11  1177(11.8%)     11  1177(11.8%)    (11.5%)   <<
	  11   42( 8.4%)      9   43( 8.6%)    (11.1%)   <<
	  11  1219(12.2%)      9  1209(12.1%)    (11.1%)   <<
	  19   40( 8.0%)     15   41( 8.2%)    (11.5%)   <<
	  19  1254(12.5%)     15  1184(11.8%)    (11.5%)   <<
	  17   43( 8.6%)     13   44( 8.8%)    (11.8%)   <<
	  17  1286(12.9%)     13  1224(12.2%)    (11.8%)   <<
	  23   38( 7.6%)     13   43( 8.6%)    (11.5%)   <<
	  23  1184(11.8%)     13  1134(11.3%)    (11.5%)   <<
	  19   41( 8.2%)     13   43( 8.6%)    (11.6%)   <<
	  19  1081(10.8%)     13  1059(10.6%)    (11.6%)   <<
	  21   36( 7.2%)     19   36( 7.2%)    (10.8%)   <<
	  21  1112(11.1%)     19  1140(11.4%)    (10.8%)   <<
	  25   33( 6.6%)     17   35( 7.0%)    (10.2%)   <<
	  25  1231(12.3%)     17  1196(12.0%)    (10.2%)   <<
	  11   41( 8.2%)     11   41( 8.2%)    (10.9%)   <<
	  11  1107(11.1%)     11  1107(11.1%)    (10.9%)   <<
	  21   32( 6.4%)     21   32( 6.4%)    (10.1%)   <<
	  21  1126(11.3%)     21  1126(11.3%)    (10.1%)   <<
	  15   38( 7.6%)     15   38( 7.6%)    (10.8%)   <<
	  15  1104(11.0%)     15  1104(11.0%)    (10.8%)   <<
	  19   49( 9.8%)     13   50(10.0%)    (13.2%)   <<
	  19  1181(11.8%)     13  1142(11.4%)    (13.2%)   <<
	  11   57(11.4%)     11   57(11.4%)    (14.2%)   <<
	  11  1353(13.5%)     11  1353(13.5%)    (14.2%)   <<
	  13   38( 7.6%)     13   38( 7.6%)    (10.4%)   <<
	  13  1163(11.6%)     13  1163(11.6%)    (10.4%)   <<
	  15   53(10.6%)     15   53(10.6%)    (13.8%)   <<
	  15  1273(12.7%)     15  1273(12.7%)    (13.8%)   <<
	   9   61(12.2%)      5   62(12.4%)    (14.5%)   <<
	   9  1508(15.1%)      5  1437(14.4%)    (14.5%)   <<
