	   3   11( 8.9%)      3   11( 8.9%)    (12.6%)   <<
	   3  1062(10.6%)      3  1062(10.6%)    (12.6%)   <<
	   3   15(12.1%)      3   15(12.1%)    (16.1%)   <<
	   3  1095(10.9%)      3  1095(10.9%)    (16.1%)   <<
	   7    4( 3.2%)      7    4( 3.2%)    ( 7.7%)   <<
	   7  1073(10.7%)      7  1073(10.7%)    ( 7.7%)   <<
	  13    3( 2.4%)      7    5( 4.0%)    ( 8.8%)   <<
	  13  1112(11.1%)      7  1041(10.4%)    ( 8.8%)   <<
	   3   18(14.5%)      3   18(14.5%)    (18.2%)   <<
	   3  1511(15.1%)      3  1511(15.1%)    (18.2%)   <<
	   3   10( 8.1%)      3   10( 8.1%)    (11.7%)   <<
	   3  1064(10.6%)      3  1064(10.6%)    (11.7%)   <<
	   7    8( 6.5%)      7    8( 6.5%)    (11.6%)   <<
	   7  1149(11.5%)      7  1149(11.5%)    (11.6%)   <<
	   3    5( 4.0%)      3    5( 4.0%)    ( 7.0%)   <<
	   3  1024(10.2%)      3  1024(10.2%)    ( 7.0%)   <<
	   7   10( 8.1%)      3   11( 8.9%)    (12.5%)   <<
	   7  1351(13.5%)      3  1090(10.9%)    (12.5%)   <<
	   7    7( 5.6%)      7    7( 5.6%)    (10.6%)   <<
	   7  1286(12.9%)      7  1286(12.9%)    (10.6%)   <<
	   3   13(10.5%)      3   13(10.5%)    (14.4%)   <<
	   3  1092(10.9%)      3  1092(10.9%)    (14.4%)   <<
	   3   11( 8.9%)      3   11( 8.9%)    (12.6%)   <<
	   3  1032(10.3%)      3  1032(10.3%)    (12.6%)   <<
	   3   14(11.3%)      3   14(11.3%)    (14.9%)   <<
	   3  1387(13.9%)      3  1387(13.9%)    (14.9%)   <<
	   3    9( 7.3%)      3    9( 7.3%)    (10.6%)   <<
	   3  1089(10.9%)      3  1089(10.9%)    (10.6%)   <<
	   7    6( 4.8%)      7    6( 4.8%)    ( 9.8%)   <<
	   7  1096(11.0%)      7  1096(11.0%)    ( 9.8%)   <<
	   3    9( 7.3%)      3    9( 7.3%)    (10.6%)   <<
	   3  1166(11.7%)      3  1166(11.7%)    (10.6%)   <<
	   3    6( 4.8%)      3    6( 4.8%)    ( 8.0%)   <<
	   3  1028(10.3%)      3  1028(10.3%)    ( 8.0%)   <<
	  11    3( 2.4%)      3    6( 4.8%)    ( 8.0%)   <<
	  11  1269(12.7%)      3  1027(10.3%)    ( 8.0%)   <<
	   3   10( 8.1%)      3   10( 8.1%)    (11.6%)   <<
	   3  1093(10.9%)      3  1093(10.9%)    (11.6%)   <<
	   3   11( 8.9%)      3   11( 8.9%)    (12.5%)   <<
	   3  1089(10.9%)      3  1089(10.9%)    (12.5%)   <<
