	  29  381( 9.5%)     23  382( 9.6%)    (10.7%)   <<
	  29  1049(10.5%)     23  1052(10.5%)    (10.7%)   <<
	  17  410(10.2%)     17  410(10.2%)    (11.2%)   <<
	  17  1179(11.8%)     17  1179(11.8%)    (11.2%)   <<
	  27  372( 9.3%)     27  372( 9.3%)    (10.5%)   <<
	  27  1107(11.1%)     27  1107(11.1%)    (10.5%)   <<
	  37  367( 9.2%)     33  367( 9.2%)    (10.5%)   <<
	  37  1096(11.0%)     33  1096(11.0%)    (10.5%)   <<
	  15  389( 9.7%)     15  389( 9.7%)    (10.7%)   <<
	  15  1097(11.0%)     15  1097(11.0%)    (10.7%)   <<
	  17  387( 9.7%)     17  387( 9.7%)    (10.6%)   <<
	  17  1069(10.7%)     17  1069(10.7%)    (10.6%)   <<
	  17  390( 9.8%)     17  390( 9.8%)    (10.7%)   <<
	  17  1032(10.3%)     17  1032(10.3%)    (10.7%)   <<
	  25  391( 9.8%)     25  391( 9.8%)    (10.9%)   <<
	  25  1092(10.9%)     25  1092(10.9%)    (10.9%)   <<
	  27  392( 9.8%)     25  392( 9.8%)    (10.9%)   <<
	  27  1111(11.1%)     25  1111(11.1%)    (10.9%)   <<
	  31  364( 9.1%)     31  364( 9.1%)    (10.3%)   <<
	  31  1077(10.8%)     31  1077(10.8%)    (10.3%)   <<
	  17  401(10.0%)     17  401(10.0%)    (11.0%)   <<
	  17  1048(10.5%)     17  1048(10.5%)    (11.0%)   <<
	  23  383( 9.6%)     23  383( 9.6%)    (10.6%)   <<
	  23  1116(11.2%)     23  1116(11.2%)    (10.6%)   <<
	  21  357( 8.9%)     17  358( 8.9%)    ( 9.9%)   <<
	  21  1051(10.5%)     17  1048(10.5%)    ( 9.9%)   <<
	  19  412(10.3%)     19  412(10.3%)    (11.3%)   <<
	  19  1133(11.3%)     19  1133(11.3%)    (11.3%)   <<
	  21  359( 9.0%)     21  359( 9.0%)    (10.0%)   <<
	  21  1059(10.6%)     21  1059(10.6%)    (10.0%)   <<
	  27  364( 9.1%)     25  364( 9.1%)    (10.2%)   <<
	  27  1073(10.7%)     25  1073(10.7%)    (10.2%)   <<
	  23  405(10.1%)     17  407(10.2%)    (11.2%)   <<
	  23  1061(10.6%)     17  1050(10.5%)    (11.2%)   <<
	  21  361( 9.0%)     21  361( 9.0%)    (10.1%)   <<
	  21  1089(10.9%)     21  1089(10.9%)    (10.1%)   <<
	  23  352( 8.8%)     23  352( 8.8%)    ( 9.9%)   <<
	  23  1046(10.5%)     23  1046(10.5%)    ( 9.9%)   <<
	  29  423(10.6%)     19  426(10.7%)    (11.7%)   <<
	  29  1189(11.9%)     19  1144(11.4%)    (11.7%)   <<
