	   3   26(10.4%)      3   26(10.4%)    (12.7%)   <<
	   3  1115(11.2%)      3  1115(11.2%)    (12.7%)   <<
	   3   25(10.0%)      3   25(10.0%)    (12.4%)   <<
	   3  1058(10.6%)      3  1058(10.6%)    (12.4%)   <<
	   9   15( 6.0%)      7   15( 6.0%)    ( 9.0%)   <<
	   9  1122(11.2%)      7  1122(11.2%)    ( 9.0%)   <<
	   3   23( 9.2%)      3   23( 9.2%)    (11.6%)   <<
	   3  1031(10.3%)      3  1031(10.3%)    (11.6%)   <<
	   3   26(10.4%)      3   26(10.4%)    (12.9%)   <<
	   3  1032(10.3%)      3  1032(10.3%)    (12.9%)   <<
	   3   28(11.2%)      3   28(11.2%)    (13.7%)   <<
	   3  1062(10.6%)      3  1062(10.6%)    (13.7%)   <<
	   3   20( 8.0%)      3   20( 8.0%)    (10.2%)   <<
	   3  1251(12.5%)      3  1251(12.5%)    (10.2%)   <<
	   3   37(14.8%)      3   37(14.8%)    (17.1%)   <<
	   3  1324(13.2%)      3  1324(13.2%)    (17.1%)   <<
	   3   26(10.4%)      3   26(10.4%)    (12.6%)   <<
	   3  1451(14.5%)      3  1451(14.5%)    (12.6%)   <<
	   3   30(12.0%)      3   30(12.0%)    (14.6%)   <<
	   3  1035(10.3%)      3  1035(10.3%)    (14.6%)   <<
	   3   20( 8.0%)      3   20( 8.0%)    (10.3%)   <<
	   3  1031(10.3%)      3  1031(10.3%)    (10.3%)   <<
	   7   17( 6.8%)      3   18( 7.2%)    ( 9.3%)   <<
	   7  1286(12.9%)      3  1214(12.1%)    ( 9.3%)   <<
	   3   21( 8.4%)      3   21( 8.4%)    (10.7%)   <<
	   3  1019(10.2%)      3  1019(10.2%)    (10.7%)   <<
	   7   20( 8.0%)      7   20( 8.0%)    (11.3%)   <<
	   7  1270(12.7%)      7  1270(12.7%)    (11.3%)   <<
	   3   17( 6.8%)      3   17( 6.8%)    ( 9.0%)   <<
	   3  1021(10.2%)      3  1021(10.2%)    ( 9.0%)   <<
	   3   23( 9.2%)      3   23( 9.2%)    (11.6%)   <<
	   3  1059(10.6%)      3  1059(10.6%)    (11.6%)   <<
	   7   19( 7.6%)      7   19( 7.6%)    (10.7%)   <<
	   7  1132(11.3%)      7  1132(11.3%)    (10.7%)   <<
	   3   17( 6.8%)      3   17( 6.8%)    ( 9.0%)   <<
	   3  1049(10.5%)      3  1049(10.5%)    ( 9.0%)   <<
	  13   17( 6.8%)      9   18( 7.2%)    (10.9%)   <<
	  13  1540(15.4%)      9  1354(13.5%)    (10.9%)   <<
	   3   14( 5.6%)      3   14( 5.6%)    ( 7.6%)   <<
	   3  1023(10.2%)      3  1023(10.2%)    ( 7.6%)   <<
