	   9    9( 7.3%)      9    9( 7.3%)    (13.7%)   <<
	   9  1237(12.4%)      9  1237(12.4%)    (13.7%)   <<
	  11    8( 6.5%)      9    9( 7.3%)    (13.3%)   <<
	  11  1754(17.5%)      9  1676(16.8%)    (13.3%)   <<
	   7    8( 6.5%)      7    8( 6.5%)    (11.6%)   <<
	   7  1206(12.1%)      7  1206(12.1%)    (11.6%)   <<
	  11    6( 4.8%)     11    6( 4.8%)    (11.4%)   <<
	  11  1300(13.0%)     11  1300(13.0%)    (11.4%)   <<
	   7    4( 3.2%)      7    4( 3.2%)    ( 7.9%)   <<
	   7  1321(13.2%)      7  1321(13.2%)    ( 7.9%)   <<
	  13   12( 9.7%)      5   15(12.1%)    (16.7%)   <<
	  13  1544(15.4%)      5  1586(15.9%)    (16.7%)   <<
	   9   16(12.9%)      7   17(13.7%)    (19.8%)   <<
	   9  2001(20.0%)      7  1311(13.1%)    (19.8%)   <<
	   7   12( 9.7%)      7   12( 9.7%)    (15.2%)   <<
	   7  1234(12.3%)      7  1234(12.3%)    (15.2%)   <<
	   9    7( 5.6%)      9    7( 5.6%)    (11.7%)   <<
	   9  1283(12.8%)      9  1283(12.8%)    (11.7%)   <<
	  11    6( 4.8%)     11    6( 4.8%)    (11.6%)   <<
	  11  1180(11.8%)     11  1180(11.8%)    (11.6%)   <<
	   5   12( 9.7%)      5   12( 9.7%)    (14.6%)   <<
	   5  1434(14.3%)      5  1434(14.3%)    (14.6%)   <<
	   5    8( 6.5%)      5    8( 6.5%)    (10.9%)   <<
	   5  1512(15.1%)      5  1512(15.1%)    (10.9%)   <<
	  15    7( 5.6%)      7   10( 8.1%)    (13.7%)   <<
	  15  1275(12.8%)      7  1231(12.3%)    (13.7%)   <<
	   7   10( 8.1%)      7   10( 8.1%)    (13.6%)   <<
	   7  1477(14.8%)      7  1477(14.8%)    (13.6%)   <<
	   7    8( 6.5%)      7    8( 6.5%)    (11.6%)   <<
	   7  1463(14.6%)      7  1463(14.6%)    (11.6%)   <<
	  15    3( 2.4%)      9    5( 4.0%)    ( 9.8%)   <<
	  15  1252(12.5%)      9  1228(12.3%)    ( 9.8%)   <<
	   5    8( 6.5%)      5    8( 6.5%)    (10.8%)   <<
	   5  1566(15.7%)      5  1566(15.7%)    (10.8%)   <<
	   5   10( 8.1%)      5   10( 8.1%)    (12.7%)   <<
	   5  1491(14.9%)      5  1491(14.9%)    (12.7%)   <<
	   5    8( 6.5%)      5    8( 6.5%)    (10.9%)   <<
	   5  1389(13.9%)      5  1389(13.9%)    (10.9%)   <<
	  21    4( 3.2%)     19    4( 3.2%)    (13.4%)   <<
	  21  1234(12.3%)     19  1273(12.7%)    (13.4%)   <<
